<?xml version="1.0" encoding="UTF-8"?>
<Site BuildName="Win32-mingw32-make"
	BuildStamp="20240402-0942-Experimental"
	Name="DESKTOP-JBNAKDS"
	Generator="ctest-3.24.3"
	CompilerName="C:/mingw64/bin/g++.exe"
	CompilerVersion="12.2.0"
	OSName="Windows"
	Hostname="DESKTOP-JBNAKDS"
	OSRelease=" Personal"
	OSVersion=" (Build 19045)"
	OSPlatform="AMD64"
	Is64Bits="1"
	VendorString="GenuineIntel"
	VendorID="Intel Corporation"
	FamilyID="6"
	ModelID="14"
	ProcessorCacheSize="-1"
	NumberOfLogicalCPU="8"
	NumberOfPhysicalCPU="4"
	TotalVirtualMemory="13713"
	TotalPhysicalMemory="8081"
	LogicalProcessorsPerPhysical="2"
	ProcessorClockFrequency="2592"
	>
	<Testing>
		<StartDateTime>Apr 02 12:46 Turkey Standard Time</StartDateTime>
		<StartTestTime>1712051168</StartTestTime>
		<TestList/>
		<EndDateTime>Apr 02 12:46 Turkey Standard Time</EndDateTime>
		<EndTestTime>1712051168</EndTestTime>
		<ElapsedMinutes>0</ElapsedMinutes>
	</Testing>
</Site>
